<?xml version="1.0" encoding="UTF-8"?>
<testng-results skipped="0" failed="0" total="1" passed="1">
  <reporter-output>
  </reporter-output>
  <suite name="Default suite" duration-ms="27194" started-at="2015-08-05T20:52:23Z" finished-at="2015-08-05T20:52:50Z">
    <groups>
    </groups>
    <test name="Default test" duration-ms="27194" started-at="2015-08-05T20:52:23Z" finished-at="2015-08-05T20:52:50Z">
      <class name="com.Business.Test.RunBusinessTest">
        <test-method status="PASS" signature="HomePageSearcchTestEnter()[pri:0, instance:com.Business.Test.RunBusinessTest@3cb5cdba]" name="HomePageSearcchTestEnter" is-config="true" duration-ms="4878" started-at="2015-08-05T13:52:23Z" finished-at="2015-08-05T13:52:28Z">
          <reporter-output>
          </reporter-output>
        </test-method> <!-- HomePageSearcchTestEnter -->
        <test-method status="PASS" signature="ClickonIdeator()[pri:0, instance:com.Business.Test.RunBusinessTest@3cb5cdba]" name="ClickonIdeator" duration-ms="22306" started-at="2015-08-05T13:52:28Z" finished-at="2015-08-05T13:52:50Z">
          <reporter-output>
          </reporter-output>
        </test-method> <!-- ClickonIdeator -->
      </class> <!-- com.Business.Test.RunBusinessTest -->
    </test> <!-- Default test -->
  </suite> <!-- Default suite -->
</testng-results>
